
Showing logs for build [32mcb-kubecd-environment-pr-1487-5-6g7jb-1[0m stage [32mfrom-build-pack[0m and container [32mstep-credential-initializer-rgq8m[0m
{"level":"info","ts":1589794453.4426842,"logger":"fallback-logger","caller":"logging/config.go:69","msg":"Fetch GitHub commit ID from kodata failed: open /var/run/ko/refs/heads/0.8.0-ns-support: no such file or directory"}
{"level":"info","ts":1589794453.443623,"logger":"fallback-logger","caller":"creds-init/main.go:40","msg":"Credentials initialized."}

Showing logs for build [32mcb-kubecd-environment-pr-1487-5-6g7jb-1[0m stage [32mfrom-build-pack[0m and container [32mstep-working-dir-initializer-c8lxq[0m
{"level":"info","ts":1589794454.393845,"logger":"fallback-logger","caller":"logging/config.go:69","msg":"Fetch GitHub commit ID from kodata failed: open /var/run/ko/HEAD: no such file or directory"}
{"level":"info","ts":1589794454.3956442,"logger":"fallback-logger","caller":"bash/main.go:64","msg":"Successfully executed command \"sh -c mkdir -p /workspace/source\"; output "}

Showing logs for build [32mcb-kubecd-environment-pr-1487-5-6g7jb-1[0m stage [32mfrom-build-pack[0m and container [32mstep-place-tools[0m

Showing logs for build [32mcb-kubecd-environment-pr-1487-5-6g7jb-1[0m stage [32mfrom-build-pack[0m and container [32mstep-git-source-cb-kubecd-environment-pr-1487-5-6g7jb-crcb4[0m
{"level":"info","ts":1589794458.5679288,"logger":"fallback-logger","caller":"logging/config.go:69","msg":"Fetch GitHub commit ID from kodata failed: open /var/run/ko/refs/heads/0.8.0-ns-support: no such file or directory"}
{"level":"info","ts":1589794459.6229386,"logger":"fallback-logger","caller":"git/git.go:103","msg":"Successfully cloned https://github.com/cb-kubecd/environment-pr-1487-5-bdd-frontend-staging.git @ master in path /workspace/source"}

Showing logs for build [32mcb-kubecd-environment-pr-1487-5-6g7jb-1[0m stage [32mfrom-build-pack[0m and container [32mstep-git-merge[0m
Using SHAs from PULL_REFS=master:e40e0155b7fd2df068036bde36a0329a149516fe,1:56967029950cc0aafd32a819ef468be208c4c118
DEBUG: LC_ALL=C JX_LOG_LEVEL=error git fetch origin --unshallow 56967029950cc0aafd32a819ef468be208c4c118: e40e0155b7fd2df068036bde36a0329a149516fe:
DEBUG: ran git fetch --unshallow origin 56967029950cc0aafd32a819ef468be208c4c118: e40e0155b7fd2df068036bde36a0329a149516fe: in 
DEBUG: LC_ALL=C JX_LOG_LEVEL=error git branch
DEBUG: LC_ALL=C JX_LOG_LEVEL=error git checkout master
DEBUG: ran git checkout master in 
DEBUG: LC_ALL=C JX_LOG_LEVEL=error git reset --hard e40e0155b7fd2df068036bde36a0329a149516fe
DEBUG: ran git reset --hard e40e0155b7fd2df068036bde36a0329a149516fe in 
DEBUG: LC_ALL=C JX_LOG_LEVEL=error git clean -fd .
DEBUG: ran clean --force -d . in 
DEBUG: LC_ALL=C JX_LOG_LEVEL=error git merge 56967029950cc0aafd32a819ef468be208c4c118
DEBUG: ran git merge 56967029950cc0aafd32a819ef468be208c4c118 in 
DEBUG: LC_ALL=C JX_LOG_LEVEL=error git log --format=%H%x1f%an%x1f%ae%x1f%cn%x1f%ce%x1f%s%n%b%x1e e40e0155b7fd2df068036bde36a0329a149516fe..HEAD
Merged SHA 56967029950cc0aafd32a819ef468be208c4c118 with commit message 'chore: Promote bdd-nh-1589793273 to version 0.0.1' into base branch master

Showing logs for build [32mcb-kubecd-environment-pr-1487-5-6g7jb-1[0m stage [32mfrom-build-pack[0m and container [32mstep-build-helm-build[0m
WARNING: No $CHART_REPOSITORY defined so using the default value of: http://jenkins-x-chartmuseum:8080
Adding missing Helm repo: storage.googleapis.com https://storage.googleapis.com/chartmuseum.jenkins-x.io
WARNING: No secrets found on "helm/repos" due: reading the secret "helm/repos" from vault: no secret "helm/repos" not found in vault
Read credentials for https://storage.googleapis.com/chartmuseum.jenkins-x.io from vault helm/repos
Successfully added Helm repository storage.googleapis.com.
Adding missing Helm repo: jenkins-x-chartmuseum http://jenkins-x-chartmuseum:8080
WARNING: No secrets found on "helm/repos" due: reading the secret "helm/repos" from vault: no secret "helm/repos" not found in vault
Read credentials for http://jenkins-x-chartmuseum:8080 from vault helm/repos
Successfully added Helm repository jenkins-x-chartmuseum.
WARNING: No $CHART_REPOSITORY defined so using the default value of: http://jenkins-x-chartmuseum:8080
Adding missing Helm repo: chartmuseum.jenkins-x.io http://chartmuseum.jenkins-x.io
WARNING: No secrets found on "helm/repos" due: reading the secret "helm/repos" from vault: no secret "helm/repos" not found in vault
Read credentials for http://chartmuseum.jenkins-x.io from vault helm/repos
Successfully added Helm repository chartmuseum.jenkins-x.io.
